c:\storage\github\algorithm\classic_100_c_problems\classic_100_c_problems\debug\vc141.pdb
c:\storage\github\algorithm\classic_100_c_problems\classic_100_c_problems\debug\vc141.idb
c:\storage\github\algorithm\classic_100_c_problems\classic_100_c_problems\debug\vector.obj
c:\storage\github\algorithm\classic_100_c_problems\classic_100_c_problems\debug\stack.obj
c:\storage\github\algorithm\classic_100_c_problems\classic_100_c_problems\debug\skiplist.obj
c:\storage\github\algorithm\classic_100_c_problems\classic_100_c_problems\debug\queue.obj
c:\storage\github\algorithm\classic_100_c_problems\classic_100_c_problems\debug\problem_6_5_boyer_moore_algorithm.obj
c:\storage\github\algorithm\classic_100_c_problems\classic_100_c_problems\debug\problem_6_1_parenthses_matching.obj
c:\storage\github\algorithm\classic_100_c_problems\classic_100_c_problems\debug\main.obj
c:\storage\github\algorithm\classic_100_c_problems\classic_100_c_problems\debug\list.obj
c:\storage\github\algorithm\classic_100_c_problems\classic_100_c_problems\debug\common.obj
c:\storage\github\algorithm\classic_100_c_problems\classic_100_c_problems\debug\bipartile_matching.obj
c:\storage\github\algorithm\classic_100_c_problems\debug\classic_100_c_problems.ilk
c:\storage\github\algorithm\classic_100_c_problems\debug\classic_100_c_problems.exe
c:\storage\github\algorithm\classic_100_c_problems\debug\classic_100_c_problems.pdb
c:\storage\github\algorithm\classic_100_c_problems\classic_100_c_problems\debug\classic_.3d1155b0.tlog\cl.command.1.tlog
c:\storage\github\algorithm\classic_100_c_problems\classic_100_c_problems\debug\classic_.3d1155b0.tlog\cl.read.1.tlog
c:\storage\github\algorithm\classic_100_c_problems\classic_100_c_problems\debug\classic_.3d1155b0.tlog\cl.write.1.tlog
c:\storage\github\algorithm\classic_100_c_problems\classic_100_c_problems\debug\classic_.3d1155b0.tlog\link.command.1.tlog
c:\storage\github\algorithm\classic_100_c_problems\classic_100_c_problems\debug\classic_.3d1155b0.tlog\link.read.1.tlog
c:\storage\github\algorithm\classic_100_c_problems\classic_100_c_problems\debug\classic_.3d1155b0.tlog\link.write.1.tlog
